15:46:43 **** Rebuild of configuration Debug for project Ex 1 ****
Info: Internal Builder is used for build
gcc -O0 -g3 -Wall -c -fmessage-length=0 -o sd.o "..\\sd.c" 
..\sd.c: In function 'main':
..\sd.c:10:10: warning: format '%d' expects argument of type 'int *', but argument 2 has type 'int' [-Wformat=]
  scanf("%d%d",n1,n2);
          ^
..\sd.c:10:12: warning: format '%d' expects argument of type 'int *', but argument 3 has type 'int' [-Wformat=]
  scanf("%d%d",n1,n2);
            ^
..\sd.c:12:2: warning: suggest parentheses around assignment used as truth value [-Wparentheses]
  for(i=n1;i=n2;i++){
  ^~~
..\sd.c:10:2: warning: 'n1' is used uninitialized in this function [-Wuninitialized]
  scanf("%d%d",n1,n2);
  ^~~~~~~~~~~~~~~~~~~
..\sd.c:10:2: warning: 'n2' is used uninitialized in this function [-Wuninitialized]
..\sd.c:14:6: warning: 'flag' may be used uninitialized in this function [-Wmaybe-uninitialized]
   if (flag==1)
      ^
gcc -o "Ex 1.exe" sd.o 
Info: Nothing to build for Ex 1
Info: Nothing to build for Ex 1
15:48:19 **** Incremental Build of configuration Debug for project Ex 1 ****
Info: Internal Builder is used for build
gcc -O0 -g3 -Wall -c -fmessage-length=0 -o sd.o "..\\sd.c" 
..\sd.c: In function 'main':
..\sd.c:10:10: warning: format '%d' expects argument of type 'int *', but argument 2 has type 'int' [-Wformat=]
  scanf("%d%d",n1,n2);
          ^
..\sd.c:10:12: warning: format '%d' expects argument of type 'int *', but argument 3 has type 'int' [-Wformat=]
  scanf("%d%d",n1,n2);
            ^
..\sd.c:12:2: warning: suggest parentheses around assignment used as truth value [-Wparentheses]
  for(i=n1;i=n2;i++){
  ^~~
..\sd.c:14:7: error: expected expression before 'int'
   if (int flag==1)
       ^~~
..\sd.c:7:14: warning: unused variable 'flag' [-Wunused-variable]
  int i,n1,n2,flag;
              ^~~~
15:48:29 **** Incremental Build of configuration Debug for project Ex 1 ****
Info: Internal Builder is used for build
gcc -O0 -g3 -Wall -c -fmessage-length=0 -o sd.o "..\\sd.c" 
..\sd.c: In function 'main':
..\sd.c:10:10: warning: format '%d' expects argument of type 'int *', but argument 2 has type 'int' [-Wformat=]
  scanf("%d%d",n1,n2);
          ^
..\sd.c:10:12: warning: format '%d' expects argument of type 'int *', but argument 3 has type 'int' [-Wformat=]
  scanf("%d%d",n1,n2);
            ^
..\sd.c:12:2: warning: suggest parentheses around assignment used as truth value [-Wparentheses]
  for(i=n1;i=n2;i++){
  ^~~
..\sd.c:10:2: warning: 'n1' is used uninitialized in this function [-Wuninitialized]
  scanf("%d%d",n1,n2);
  ^~~~~~~~~~~~~~~~~~~
..\sd.c:10:2: warning: 'n2' is used uninitialized in this function [-Wuninitialized]
..\sd.c:14:6: warning: 'flag' may be used uninitialized in this function [-Wmaybe-uninitialized]
   if (flag==1)
      ^
gcc -o "Ex 1.exe" sd.o 
15:50:01 **** Incremental Build of configuration Debug for project Ex 1 ****
Info: Internal Builder is used for build
gcc -O0 -g3 -Wall -c -fmessage-length=0 -o sd.o "..\\sd.c" 
..\sd.c: In function 'main':
..\sd.c:10:10: warning: format '%d' expects argument of type 'int *', but argument 2 has type 'int' [-Wformat=]
  scanf("%d%d",n1,n2);
          ^
..\sd.c:10:12: warning: format '%d' expects argument of type 'int *', but argument 3 has type 'int' [-Wformat=]
  scanf("%d%d",n1,n2);
            ^
..\sd.c:10:2: warning: 'n1' is used uninitialized in this function [-Wuninitialized]
  scanf("%d%d",n1,n2);
  ^~~~~~~~~~~~~~~~~~~
..\sd.c:10:2: warning: 'n2' is used uninitialized in this function [-Wuninitialized]
..\sd.c:14:6: warning: 'flag' may be used uninitialized in this function [-Wmaybe-uninitialized]
   if (flag==1)
      ^
gcc -o "Ex 1.exe" sd.o 
15:51:15 **** Incremental Build of configuration Debug for project Ex 1 ****
Info: Internal Builder is used for build
gcc -O0 -g3 -Wall -c -fmessage-length=0 -o sd.o "..\\sd.c" 
..\sd.c: In function 'main':
..\sd.c:14:6: warning: 'flag' may be used uninitialized in this function [-Wmaybe-uninitialized]
   if (flag==1)
      ^
gcc -o "Ex 1.exe" sd.o 
15:52:06 **** Incremental Build of configuration Debug for project Ex 1 ****
Info: Internal Builder is used for build
gcc -O0 -g3 -Wall -c -fmessage-length=0 -o sd.o "..\\sd.c" 
..\sd.c: In function 'main':
..\sd.c:13:21: error: expected expression before 'int'
   flag= check_prime(int i);
                     ^~~
15:53:29 **** Incremental Build of configuration Debug for project Ex 1 ****
Info: Internal Builder is used for build
gcc -O0 -g3 -Wall -c -fmessage-length=0 -o sd.o "..\\sd.c" 
gcc -o "Ex 1.exe" sd.o 
Info: Nothing to build for Ex 1
15:54:12 **** Incremental Build of configuration Debug for project Ex 1 ****
Info: Internal Builder is used for build
gcc -O0 -g3 -Wall -c -fmessage-length=0 -o sd.o "..\\sd.c" 
gcc -o "Ex 1.exe" sd.o 
Info: Nothing to build for Ex 1
16:00:06 **** Incremental Build of configuration Debug for project Ex 1 ****
Info: Internal Builder is used for build
gcc -O0 -g3 -Wall -c -fmessage-length=0 -o sd.o "..\\sd.c" 
gcc -o "Ex 1.exe" sd.o 
Info: Nothing to build for Ex 1
16:00:40 **** Incremental Build of configuration Debug for project Ex 1 ****
Info: Internal Builder is used for build
gcc -O0 -g3 -Wall -c -fmessage-length=0 -o sd.o "..\\sd.c" 
gcc -o "Ex 1.exe" sd.o 
Info: Nothing to build for Ex 1
16:01:30 **** Incremental Build of configuration Debug for project Ex 1 ****
Info: Internal Builder is used for build
gcc -O0 -g3 -Wall -c -fmessage-length=0 -o sd.o "..\\sd.c" 
gcc -o "Ex 1.exe" sd.o 
Info: Nothing to build for Ex 1
16:02:29 **** Incremental Build of configuration Debug for project Ex 1 ****
Info: Internal Builder is used for build
gcc -O0 -g3 -Wall -c -fmessage-length=0 -o sd.o "..\\sd.c" 
gcc -o "Ex 1.exe" sd.o 
Info: Nothing to build for Ex 1
16:02:55 **** Incremental Build of configuration Debug for project Ex 1 ****
Info: Internal Builder is used for build
gcc -O0 -g3 -Wall -c -fmessage-length=0 -o sd.o "..\\sd.c" 
gcc -o "Ex 1.exe" sd.o 
Info: Nothing to build for Ex 1
16:05:11 **** Incremental Build of configuration Debug for project Ex 1 ****
Info: Internal Builder is used for build
gcc -O0 -g3 -Wall -c -fmessage-length=0 -o sd.o "..\\sd.c" 
gcc -o "Ex 1.exe" sd.o 
Info: Nothing to build for Ex 1
Info: Nothing to build for Ex 1
16:20:05 **** Rebuild of configuration Debug for project Ex 2 ****
Info: Internal Builder is used for build
gcc -O0 -g3 -Wall -c -fmessage-length=0 -o ee.o "..\\ee.c" 
..\ee.c: In function 'main':
..\ee.c:18:5: warning: implicit declaration of function 'fac' [-Wimplicit-function-declaration]
   f=fac(k);
     ^~~
gcc -o "Ex 2.exe" ee.o 
Info: Nothing to build for Ex 1
16:20:48 **** Incremental Build of configuration Debug for project Ex 2 ****
Info: Internal Builder is used for build
gcc -O0 -g3 -Wall -c -fmessage-length=0 -o ee.o "..\\ee.c" 
gcc -o "Ex 2.exe" ee.o 
Info: Nothing to build for Ex 2
Info: Nothing to build for Ex 1
16:22:12 **** Incremental Build of configuration Debug for project Ex 2 ****
Info: Internal Builder is used for build
gcc -O0 -g3 -Wall -c -fmessage-length=0 -o ee.o "..\\ee.c" 
gcc -o "Ex 2.exe" ee.o 
Info: Nothing to build for Ex 1
16:28:00 **** Incremental Build of configuration Debug for project Ex 2 ****
Info: Internal Builder is used for build
gcc -O0 -g3 -Wall -c -fmessage-length=0 -o ee.o "..\\ee.c" 
..\ee.c: In function 'main':
..\ee.c:14:6: warning: unused variable 'i' [-Wunused-variable]
  int i;
      ^
..\ee.c: In function 'fac':
..\ee.c:26:6: error: 'k' redeclared as different kind of symbol
  int k;
      ^
..\ee.c:23:14: note: previous definition of 'k' was here
 int fac (int k){
              ^
..\ee.c:27:13: warning: left-hand operand of comma expression has no effect [-Wunused-value]
  for(i=k;i>0,i--){
             ^
..\ee.c:27:17: error: expected ';' before ')' token
  for(i=k;i>0,i--){
                 ^
..\ee.c:30:1: warning: control reaches end of non-void function [-Wreturn-type]
 }
 ^
Info: Nothing to build for Ex 1
16:28:28 **** Incremental Build of configuration Debug for project Ex 2 ****
Info: Internal Builder is used for build
gcc -O0 -g3 -Wall -c -fmessage-length=0 -o ee.o "..\\ee.c" 
..\ee.c: In function 'main':
..\ee.c:14:6: warning: unused variable 'i' [-Wunused-variable]
  int i;
      ^
..\ee.c: In function 'fac':
..\ee.c:26:6: error: 'k' redeclared as different kind of symbol
  int k;
      ^
..\ee.c:23:14: note: previous definition of 'k' was here
 int fac (int k){
              ^
..\ee.c:27:13: warning: left-hand operand of comma expression has no effect [-Wunused-value]
  for(i=k;i>0,i--){
             ^
..\ee.c:27:17: error: expected ';' before ')' token
  for(i=k;i>0,i--){
                 ^
..\ee.c:30:1: warning: control reaches end of non-void function [-Wreturn-type]
 }
 ^
Info: Nothing to build for Ex 1
16:28:31 **** Incremental Build of configuration Debug for project Ex 2 ****
Info: Internal Builder is used for build
gcc -O0 -g3 -Wall -c -fmessage-length=0 -o ee.o "..\\ee.c" 
..\ee.c: In function 'main':
..\ee.c:17:14: error: 'k' undeclared (first use in this function)
  scanf("%d",&k);
              ^
..\ee.c:17:14: note: each undeclared identifier is reported only once for each function it appears in
..\ee.c:14:6: warning: unused variable 'i' [-Wunused-variable]
  int i;
      ^
..\ee.c: In function 'fac':
..\ee.c:26:6: error: 'k' redeclared as different kind of symbol
  int k;
      ^
..\ee.c:23:14: note: previous definition of 'k' was here
 int fac (int k){
              ^
..\ee.c:27:13: warning: left-hand operand of comma expression has no effect [-Wunused-value]
  for(i=k;i>0,i--){
             ^
..\ee.c:27:17: error: expected ';' before ')' token
  for(i=k;i>0,i--){
                 ^
..\ee.c:30:1: warning: control reaches end of non-void function [-Wreturn-type]
 }
 ^
Info: Nothing to build for Ex 1
16:28:52 **** Incremental Build of configuration Debug for project Ex 2 ****
Info: Internal Builder is used for build
gcc -O0 -g3 -Wall -c -fmessage-length=0 -o ee.o "..\\ee.c" 
..\ee.c: In function 'main':
..\ee.c:14:6: warning: unused variable 'i' [-Wunused-variable]
  int i;
      ^
..\ee.c: In function 'fac':
..\ee.c:27:13: warning: left-hand operand of comma expression has no effect [-Wunused-value]
  for(i=k;i>0,i--){
             ^
..\ee.c:27:17: error: expected ';' before ')' token
  for(i=k;i>0,i--){
                 ^
..\ee.c:30:1: warning: control reaches end of non-void function [-Wreturn-type]
 }
 ^
Info: Nothing to build for Ex 1
16:29:17 **** Incremental Build of configuration Debug for project Ex 2 ****
Info: Internal Builder is used for build
gcc -O0 -g3 -Wall -c -fmessage-length=0 -o ee.o "..\\ee.c" 
..\ee.c: In function 'main':
..\ee.c:14:6: warning: unused variable 'i' [-Wunused-variable]
  int i;
      ^
..\ee.c: In function 'fac':
..\ee.c:30:1: warning: control reaches end of non-void function [-Wreturn-type]
 }
 ^
gcc -o "Ex 2.exe" ee.o 
Info: Nothing to build for Ex 1
16:29:35 **** Incremental Build of configuration Debug for project Ex 2 ****
Info: Internal Builder is used for build
gcc -O0 -g3 -Wall -c -fmessage-length=0 -o ee.o "..\\ee.c" 
..\ee.c: In function 'main':
..\ee.c:14:6: warning: unused variable 'i' [-Wunused-variable]
  int i;
      ^
gcc -o "Ex 2.exe" ee.o 
Info: Nothing to build for Ex 1
16:29:51 **** Incremental Build of configuration Debug for project Ex 2 ****
Info: Internal Builder is used for build
gcc -O0 -g3 -Wall -c -fmessage-length=0 -o ee.o "..\\ee.c" 
gcc -o "Ex 2.exe" ee.o 
Info: Nothing to build for Ex 2
Info: Nothing to build for Ex 1
16:31:08 **** Incremental Build of configuration Debug for project Ex 2 ****
Info: Internal Builder is used for build
gcc -O0 -g3 -Wall -c -fmessage-length=0 -o ee.o "..\\ee.c" 
gcc -o "Ex 2.exe" ee.o 
Info: Nothing to build for Ex 2
Info: Nothing to build for Ex 1
16:31:25 **** Incremental Build of configuration Debug for project Ex 2 ****
Info: Internal Builder is used for build
gcc -O0 -g3 -Wall -c -fmessage-length=0 -o ee.o "..\\ee.c" 
gcc -o "Ex 2.exe" ee.o 
Info: Nothing to build for Ex 1
16:32:09 **** Incremental Build of configuration Debug for project Ex 2 ****
Info: Internal Builder is used for build
gcc -O0 -g3 -Wall -c -fmessage-length=0 -o ee.o "..\\ee.c" 
..\ee.c: In function 'fac':
..\ee.c:32:1: warning: control reaches end of non-void function [-Wreturn-type]
 }
 ^
gcc -o "Ex 2.exe" ee.o 
Info: Nothing to build for Ex 1
Info: Nothing to build for Ex 2
Info: Nothing to build for Ex 2
Info: Nothing to build for Ex 1
Info: Nothing to build for Ex 2
Info: Nothing to build for Ex 1
16:33:55 **** Incremental Build of configuration Debug for project Ex 2 ****
Info: Internal Builder is used for build
gcc -O0 -g3 -Wall -c -fmessage-length=0 -o ee.o "..\\ee.c" 
..\ee.c: In function 'fac':
..\ee.c:32:1: warning: control reaches end of non-void function [-Wreturn-type]
 }
 ^
gcc -o "Ex 2.exe" ee.o 
Info: Nothing to build for Ex 1
16:34:01 **** Incremental Build of configuration Debug for project Ex 2 ****
Info: Internal Builder is used for build
gcc -O0 -g3 -Wall -c -fmessage-length=0 -o ee.o "..\\ee.c" 
gcc -o "Ex 2.exe" ee.o 
Info: Nothing to build for Ex 2
Info: Nothing to build for Ex 1
16:42:28 **** Incremental Build of configuration Debug for project Ex 2 ****
Info: Internal Builder is used for build
gcc -O0 -g3 -Wall -c -fmessage-length=0 -o ee.o "..\\ee.c" 
..\ee.c: In function 'fact':
..\ee.c:48:11: error: expected statement before ')' token
  if (k!=1))
           ^
Info: Nothing to build for Ex 1
16:42:41 **** Incremental Build of configuration Debug for project Ex 2 ****
Info: Internal Builder is used for build
gcc -O0 -g3 -Wall -c -fmessage-length=0 -o ee.o "..\\ee.c" 
..\ee.c: In function 'fact':
..\ee.c:50:1: warning: control reaches end of non-void function [-Wreturn-type]
 }
 ^
gcc -o "Ex 2.exe" ee.o 
Info: Nothing to build for Ex 1
16:43:59 **** Incremental Build of configuration Debug for project Ex 2 ****
Info: Internal Builder is used for build
gcc -O0 -g3 -Wall -c -fmessage-length=0 -o ee.o "..\\ee.c" 
..\ee.c: In function 'fact':
..\ee.c:51:1: warning: control reaches end of non-void function [-Wreturn-type]
 }
 ^
gcc -o "Ex 2.exe" ee.o 
Info: Nothing to build for Ex 2
Info: Nothing to build for Ex 1
Info: Nothing to build for Ex 2
Info: Nothing to build for Ex 1
16:44:35 **** Incremental Build of configuration Debug for project Ex 2 ****
Info: Internal Builder is used for build
gcc -O0 -g3 -Wall -c -fmessage-length=0 -o ee.o "..\\ee.c" 
..\ee.c: In function 'fact':
..\ee.c:51:1: warning: control reaches end of non-void function [-Wreturn-type]
 }
 ^
gcc -o "Ex 2.exe" ee.o 
Info: Nothing to build for Ex 2
Info: Nothing to build for Ex 1
16:44:50 **** Incremental Build of configuration Debug for project Ex 2 ****
Info: Internal Builder is used for build
gcc -O0 -g3 -Wall -c -fmessage-length=0 -o ee.o "..\\ee.c" 
..\ee.c: In function 'fact':
..\ee.c:51:1: warning: control reaches end of non-void function [-Wreturn-type]
 }
 ^
gcc -o "Ex 2.exe" ee.o 
Info: Nothing to build for Ex 2
Info: Nothing to build for Ex 1
Info: Nothing to build for Ex 2
17:02:36 **** Rebuild of configuration Debug for project Ex3 ****
Info: Internal Builder is used for build
gcc -O0 -g3 -Wall -c -fmessage-length=0 -o sf.o "..\\sf.c" 
..\sf.c: In function 'main':
..\sf.c:12:2: warning: implicit declaration of function 'printf' [-Wimplicit-function-declaration]
  printf("enter a reversed sentence")
  ^~~~~~
..\sf.c:12:2: warning: incompatible implicit declaration of built-in function 'printf'
..\sf.c:12:2: note: include '<stdio.h>' or provide a declaration of 'printf'
..\sf.c:13:2: error: expected ';' before 'reverse'
  reverse();
  ^~~~~~~
..\sf.c:10:6: warning: unused variable 'x' [-Wunused-variable]
  int x[100];
      ^
..\sf.c: In function 'reverse':
..\sf.c:17:2: warning: implicit declaration of function 'scanf' [-Wimplicit-function-declaration]
  scanf("%c",&c);
  ^~~~~
..\sf.c:17:2: warning: incompatible implicit declaration of built-in function 'scanf'
..\sf.c:17:2: note: include '<stdio.h>' or provide a declaration of 'scanf'
..\sf.c:20:3: warning: incompatible implicit declaration of built-in function 'printf'
   printf("%c",c);
   ^~~~~~
..\sf.c:20:3: note: include '<stdio.h>' or provide a declaration of 'printf'
Info: Nothing to build for Ex 1
Info: Nothing to build for Ex 2
17:02:48 **** Incremental Build of configuration Debug for project Ex3 ****
Info: Internal Builder is used for build
gcc -O0 -g3 -Wall -c -fmessage-length=0 -o sf.o "..\\sf.c" 
..\sf.c: In function 'main':
..\sf.c:12:2: warning: implicit declaration of function 'printf' [-Wimplicit-function-declaration]
  printf("enter a reversed sentence")
  ^~~~~~
..\sf.c:12:2: warning: incompatible implicit declaration of built-in function 'printf'
..\sf.c:12:2: note: include '<stdio.h>' or provide a declaration of 'printf'
..\sf.c:13:2: error: expected ';' before 'reverse'
  reverse();
  ^~~~~~~
..\sf.c: In function 'reverse':
..\sf.c:17:2: warning: implicit declaration of function 'scanf' [-Wimplicit-function-declaration]
  scanf("%c",&c);
  ^~~~~
..\sf.c:17:2: warning: incompatible implicit declaration of built-in function 'scanf'
..\sf.c:17:2: note: include '<stdio.h>' or provide a declaration of 'scanf'
..\sf.c:20:3: warning: incompatible implicit declaration of built-in function 'printf'
   printf("%c",c);
   ^~~~~~
..\sf.c:20:3: note: include '<stdio.h>' or provide a declaration of 'printf'
Info: Nothing to build for Ex 1
Info: Nothing to build for Ex 2
17:03:02 **** Incremental Build of configuration Debug for project Ex3 ****
Info: Internal Builder is used for build
gcc -O0 -g3 -Wall -c -fmessage-length=0 -o sf.o "..\\sf.c" 
..\sf.c: In function 'main':
..\sf.c:12:2: warning: implicit declaration of function 'printf' [-Wimplicit-function-declaration]
  printf("enter a reversed sentence");
  ^~~~~~
..\sf.c:12:2: warning: incompatible implicit declaration of built-in function 'printf'
..\sf.c:12:2: note: include '<stdio.h>' or provide a declaration of 'printf'
..\sf.c: In function 'reverse':
..\sf.c:17:2: warning: implicit declaration of function 'scanf' [-Wimplicit-function-declaration]
  scanf("%c",&c);
  ^~~~~
..\sf.c:17:2: warning: incompatible implicit declaration of built-in function 'scanf'
..\sf.c:17:2: note: include '<stdio.h>' or provide a declaration of 'scanf'
..\sf.c:20:3: warning: incompatible implicit declaration of built-in function 'printf'
   printf("%c",c);
   ^~~~~~
..\sf.c:20:3: note: include '<stdio.h>' or provide a declaration of 'printf'
gcc -o Ex3.exe sf.o 
Info: Nothing to build for Ex 2
Info: Nothing to build for Ex 1
Info: Nothing to build for Ex 2
Info: Nothing to build for Ex3
Info: Nothing to build for Ex 1
Info: Nothing to build for Ex 2
Info: Nothing to build for Ex3
Info: Nothing to build for Ex3
Info: Nothing to build for Ex 1
Info: Nothing to build for Ex 2
17:04:05 **** Incremental Build of configuration Debug for project Ex3 ****
Info: Internal Builder is used for build
gcc -O0 -g3 -Wall -c -fmessage-length=0 -o sf.o "..\\sf.c" 
..\sf.c: In function 'main':
..\sf.c:12:2: warning: implicit declaration of function 'printf' [-Wimplicit-function-declaration]
  printf("enter a reversed sentence");
  ^~~~~~
..\sf.c:12:2: warning: incompatible implicit declaration of built-in function 'printf'
..\sf.c:12:2: note: include '<stdio.h>' or provide a declaration of 'printf'
..\sf.c: In function 'reverse':
..\sf.c:18:2: warning: implicit declaration of function 'scanf' [-Wimplicit-function-declaration]
  scanf("%c",&c);
  ^~~~~
..\sf.c:18:2: warning: incompatible implicit declaration of built-in function 'scanf'
..\sf.c:18:2: note: include '<stdio.h>' or provide a declaration of 'scanf'
..\sf.c:21:3: warning: incompatible implicit declaration of built-in function 'printf'
   printf("%c",c);
   ^~~~~~
..\sf.c:21:3: note: include '<stdio.h>' or provide a declaration of 'printf'
gcc -o Ex3.exe sf.o 
c:/mingw/bin/../lib/gcc/mingw32/6.3.0/../../../../mingw32/bin/ld.exe: cannot open output file Ex3.exe: Permission denied
collect2.exe: error: ld returned 1 exit status
Info: Nothing to build for Ex 1
Info: Nothing to build for Ex 2
17:04:38 **** Incremental Build of configuration Debug for project Ex3 ****
Info: Internal Builder is used for build
gcc -o Ex3.exe sf.o 
Info: Nothing to build for Ex3
Info: Nothing to build for Ex 1
Info: Nothing to build for Ex 2
17:05:56 **** Incremental Build of configuration Debug for project Ex3 ****
Info: Internal Builder is used for build
gcc -O0 -g3 -Wall -c -fmessage-length=0 -o sf.o "..\\sf.c" 
..\sf.c: In function 'main':
..\sf.c:11:2: warning: implicit declaration of function 'printf' [-Wimplicit-function-declaration]
  printf("enter a reversed sentence");
  ^~~~~~
..\sf.c:11:2: warning: incompatible implicit declaration of built-in function 'printf'
..\sf.c:11:2: note: include '<stdio.h>' or provide a declaration of 'printf'
..\sf.c: In function 'reverse':
..\sf.c:17:2: warning: implicit declaration of function 'scanf' [-Wimplicit-function-declaration]
  scanf("%c",&c);
  ^~~~~
..\sf.c:17:2: warning: incompatible implicit declaration of built-in function 'scanf'
..\sf.c:17:2: note: include '<stdio.h>' or provide a declaration of 'scanf'
..\sf.c:20:3: warning: incompatible implicit declaration of built-in function 'printf'
   printf("%c",c);
   ^~~~~~
..\sf.c:20:3: note: include '<stdio.h>' or provide a declaration of 'printf'
gcc -o Ex3.exe sf.o 
Info: Nothing to build for Ex 1
Info: Nothing to build for Ex 2
Info: Nothing to build for Ex3
Info: Nothing to build for Ex 1
Info: Nothing to build for Ex 2
Info: Nothing to build for Ex3
Info: Nothing to build for Ex 1
Info: Nothing to build for Ex 2
Info: Nothing to build for Ex3
Info: Nothing to build for Ex3
Info: Nothing to build for Ex 1
Info: Nothing to build for Ex 2
17:08:14 **** Incremental Build of configuration Debug for project Ex3 ****
Info: Internal Builder is used for build
gcc -O0 -g3 -Wall -c -fmessage-length=0 -o sf.o "..\\sf.c" 
..\sf.c: In function 'main':
..\sf.c:12:2: warning: implicit declaration of function 'reverse' [-Wimplicit-function-declaration]
  reverse();
  ^~~~~~~
..\sf.c: At top level:
..\sf.c:15:6: warning: conflicting types for 'reverse'
 void reverse (){
      ^~~~~~~
..\sf.c:12:2: note: previous implicit declaration of 'reverse' was here
  reverse();
  ^~~~~~~
..\sf.c: In function 'reverse':
..\sf.c:17:2: warning: implicit declaration of function 'printf' [-Wimplicit-function-declaration]
  printf("enter a reversed sentence");
  ^~~~~~
..\sf.c:17:2: warning: incompatible implicit declaration of built-in function 'printf'
..\sf.c:17:2: note: include '<stdio.h>' or provide a declaration of 'printf'
..\sf.c:18:2: warning: implicit declaration of function 'scanf' [-Wimplicit-function-declaration]
  scanf("%c",&c);
  ^~~~~
..\sf.c:18:2: warning: incompatible implicit declaration of built-in function 'scanf'
..\sf.c:18:2: note: include '<stdio.h>' or provide a declaration of 'scanf'
gcc -o Ex3.exe sf.o 
Info: Nothing to build for Ex 1
Info: Nothing to build for Ex 2
17:08:30 **** Incremental Build of configuration Debug for project Ex3 ****
Info: Internal Builder is used for build
gcc -O0 -g3 -Wall -c -fmessage-length=0 -o sf.o "..\\sf.c" 
..\sf.c:15:1: error: expected identifier or '(' before '{' token
 {
 ^
Info: Nothing to build for Ex 1
Info: Nothing to build for Ex 2
17:09:03 **** Incremental Build of configuration Debug for project Ex3 ****
Info: Internal Builder is used for build
gcc -O0 -g3 -Wall -c -fmessage-length=0 -o sf.o "..\\sf.c" 
..\sf.c: In function 'reverse':
..\sf.c:17:2: warning: implicit declaration of function 'printf' [-Wimplicit-function-declaration]
  printf("enter a reversed sentence");
  ^~~~~~
..\sf.c:17:2: warning: incompatible implicit declaration of built-in function 'printf'
..\sf.c:17:2: note: include '<stdio.h>' or provide a declaration of 'printf'
..\sf.c:18:2: warning: implicit declaration of function 'scanf' [-Wimplicit-function-declaration]
  scanf("%c",&c);
  ^~~~~
..\sf.c:18:2: warning: incompatible implicit declaration of built-in function 'scanf'
..\sf.c:18:2: note: include '<stdio.h>' or provide a declaration of 'scanf'
gcc -o Ex3.exe sf.o 
Info: Nothing to build for Ex3
Info: Nothing to build for Ex 1
Info: Nothing to build for Ex 2
17:09:26 **** Incremental Build of configuration Debug for project Ex3 ****
Info: Internal Builder is used for build
gcc -O0 -g3 -Wall -c -fmessage-length=0 -o sf.o "..\\sf.c" 
..\sf.c: In function 'main':
..\sf.c:11:2: warning: implicit declaration of function 'printf' [-Wimplicit-function-declaration]
  printf("enter a reversed sentence");
  ^~~~~~
..\sf.c:11:2: warning: incompatible implicit declaration of built-in function 'printf'
..\sf.c:11:2: note: include '<stdio.h>' or provide a declaration of 'printf'
..\sf.c: In function 'reverse':
..\sf.c:18:2: warning: implicit declaration of function 'scanf' [-Wimplicit-function-declaration]
  scanf("%c",&c);
  ^~~~~
..\sf.c:18:2: warning: incompatible implicit declaration of built-in function 'scanf'
..\sf.c:18:2: note: include '<stdio.h>' or provide a declaration of 'scanf'
..\sf.c:21:3: warning: incompatible implicit declaration of built-in function 'printf'
   printf("%c",c);
   ^~~~~~
..\sf.c:21:3: note: include '<stdio.h>' or provide a declaration of 'printf'
gcc -o Ex3.exe sf.o 
Info: Nothing to build for Ex3
Info: Nothing to build for Ex3
Info: Nothing to build for Ex 1
Info: Nothing to build for Ex 2
Info: Nothing to build for Ex3
17:16:48 **** Rebuild of configuration Debug for project ex4 ****
Info: Internal Builder is used for build
gcc -O0 -g3 -Wall -c -fmessage-length=0 -o ff.o "..\\ff.c" 
gcc -o ex4.exe ff.o 
c:/mingw/bin/../lib/gcc/mingw32/6.3.0/../../../libmingw32.a(main.o):(.text.startup+0xa0): undefined reference to `WinMain@16'
collect2.exe: error: ld returned 1 exit status
Info: Nothing to build for Ex 1
Info: Nothing to build for Ex 2
Info: Nothing to build for Ex3
17:19:42 **** Incremental Build of configuration Debug for project ex4 ****
Info: Internal Builder is used for build
gcc -O0 -g3 -Wall -c -fmessage-length=0 -o ff.o "..\\ff.c" 
..\ff.c: In function 'power':
..\ff.c:28:1: warning: control reaches end of non-void function [-Wreturn-type]
 }
 ^
gcc -o ex4.exe ff.o 
Info: Nothing to build for Ex3
Info: Nothing to build for Ex 1
Info: Nothing to build for Ex 2
Info: Nothing to build for Ex3
17:20:19 **** Incremental Build of configuration Debug for project ex4 ****
Info: Internal Builder is used for build
gcc -O0 -g3 -Wall -c -fmessage-length=0 -o ff.o "..\\ff.c" 
gcc -o ex4.exe ff.o 
Info: Nothing to build for ex4
